<?xml version="1.0" encoding="UTF-8"?>
<testsuite xmlns:xsi="http://www.w3.org/2001/XMLSchema-instance" xsi:noNamespaceSchemaLocation="https://maven.apache.org/surefire/maven-surefire-plugin/xsd/surefire-test-report-3.0.xsd" version="3.0" name="edu.nu.owaspapivulnlab.AdditionalSecurityExpectationsTests" time="85.482" tests="12" errors="0" skipped="0" failures="0">
  <properties>
[...]
</properties>
  <testcase name="protected_endpoints_require_authentication" classname="edu.nu.owaspapivulnlab.AdditionalSecurityExpectationsTests" time="0.751">
    <system-out><![CDATA[22:31:06.801 [main] INFO org.springframework.test.context.support.AnnotationConfigContextLoaderUtils -- Could not detect default configuration classes for test class [edu.nu.owaspapivulnlab.AdditionalSecurityExpectationsTests]: AdditionalSecurityExpectationsTests does not declare any static, non-private, non-final, nested classes annotated with @Configuration.
22:31:06.996 [main] INFO org.springframework.boot.test.context.SpringBootTestContextBootstrapper -- Found @SpringBootConfiguration edu.nu.owaspapivulnlab.OwaspApiVulnLabApplication for test class edu.nu.owaspapivulnlab.AdditionalSecurityExpectationsTests

  .   ____          _            __ _ _
 /\\ / ___'_ __ _ _(_)_ __  __ _ \ \ \ \
( ( )\___ | '_ | '_| | '_ \/ _` | \ \ \ \
 \\/  ___)| |_)| | | | | || (_| |  ) ) ) )
  '  |____| .__|_| |_|_| |_\__, | / / / /
 =========|_|==============|___/=/_/_/_/

 :: Spring Boot ::                (v3.3.4)

2025-10-26T22:31:07.758+05:00  INFO 30036 --- [           main] .n.o.AdditionalSecurityExpectationsTests : Starting AdditionalSecurityExpectationsTests using Java 17.0.16 with PID 30036 (started by Niazi-Express in C:\Users\Niazi-Express\Downloads\owasp-api-vuln-lab-assignment-03\owasp-api-vuln-lab)
2025-10-26T22:31:07.760+05:00 DEBUG 30036 --- [           main] .n.o.AdditionalSecurityExpectationsTests : Running with Spring Boot v3.3.4, Spring v6.1.13
2025-10-26T22:31:07.761+05:00  INFO 30036 --- [           main] .n.o.AdditionalSecurityExpectationsTests : No active profile set, falling back to 1 default profile: "default"
2025-10-26T22:31:08.992+05:00  INFO 30036 --- [           main] .s.d.r.c.RepositoryConfigurationDelegate : Bootstrapping Spring Data JPA repositories in DEFAULT mode.
2025-10-26T22:31:09.113+05:00  INFO 30036 --- [           main] .s.d.r.c.RepositoryConfigurationDelegate : Finished Spring Data repository scanning in 107 ms. Found 2 JPA repository interfaces.
2025-10-26T22:31:10.084+05:00  INFO 30036 --- [           main] o.hibernate.jpa.internal.util.LogHelper  : HHH000204: Processing PersistenceUnitInfo [name: default]
2025-10-26T22:31:10.305+05:00  INFO 30036 --- [           main] org.hibernate.Version                    : HHH000412: Hibernate ORM core version 6.5.3.Final
2025-10-26T22:31:10.404+05:00  INFO 30036 --- [           main] o.h.c.internal.RegionFactoryInitiator    : HHH000026: Second-level cache disabled
2025-10-26T22:31:11.242+05:00  INFO 30036 --- [           main] o.s.o.j.p.SpringPersistenceUnitInfo      : No LoadTimeWeaver setup: ignoring JPA class transformer
2025-10-26T22:31:11.314+05:00  INFO 30036 --- [           main] com.zaxxer.hikari.HikariDataSource       : HikariPool-1 - Starting...
2025-10-26T22:31:11.639+05:00  INFO 30036 --- [           main] com.zaxxer.hikari.pool.HikariPool        : HikariPool-1 - Added connection conn0: url=jdbc:h2:mem:apilab user=SA
2025-10-26T22:31:11.642+05:00  INFO 30036 --- [           main] com.zaxxer.hikari.HikariDataSource       : HikariPool-1 - Start completed.
2025-10-26T22:31:13.116+05:00  INFO 30036 --- [           main] o.h.e.t.j.p.i.JtaPlatformInitiator       : HHH000489: No JTA platform available (set 'hibernate.transaction.jta.platform' to enable JTA platform integration)
2025-10-26T22:31:13.220+05:00  INFO 30036 --- [           main] j.LocalContainerEntityManagerFactoryBean : Initialized JPA EntityManagerFactory for persistence unit 'default'
2025-10-26T22:31:13.969+05:00  INFO 30036 --- [           main] o.s.d.j.r.query.QueryEnhancerFactory     : Hibernate is in classpath; If applicable, HQL parser will be used.
2025-10-26T22:31:14.867+05:00  WARN 30036 --- [           main] JpaBaseConfiguration$JpaWebConfiguration : spring.jpa.open-in-view is enabled by default. Therefore, database queries may be performed during view rendering. Explicitly configure spring.jpa.open-in-view to disable this warning
2025-10-26T22:31:14.932+05:00  WARN 30036 --- [           main] .s.s.UserDetailsServiceAutoConfiguration : 

Using generated security password: 27ea4379-f8de-4176-ba17-ca39241de5b7

This generated password is for development use only. Your security configuration must be updated before running your application in production.

2025-10-26T22:31:14.950+05:00  INFO 30036 --- [           main] r$InitializeUserDetailsManagerConfigurer : Global AuthenticationManager configured with UserDetailsService bean with name inMemoryUserDetailsManager
2025-10-26T22:31:16.340+05:00  INFO 30036 --- [           main] o.s.b.a.h2.H2ConsoleAutoConfiguration    : H2 console available at '/h2-console'. Database available at 'jdbc:h2:mem:apilab'
2025-10-26T22:31:16.547+05:00  INFO 30036 --- [           main] o.s.b.t.m.w.SpringBootMockServletContext : Initializing Spring TestDispatcherServlet ''
2025-10-26T22:31:16.547+05:00  INFO 30036 --- [           main] o.s.t.web.servlet.TestDispatcherServlet  : Initializing Servlet ''
2025-10-26T22:31:16.550+05:00  INFO 30036 --- [           main] o.s.t.web.servlet.TestDispatcherServlet  : Completed initialization in 2 ms
2025-10-26T22:31:16.593+05:00  INFO 30036 --- [           main] .n.o.AdditionalSecurityExpectationsTests : Started AdditionalSecurityExpectationsTests in 9.333 seconds (process running for 11.318)
]]></system-out>
  </testcase>
  <testcase name="account_owner_only_access" classname="edu.nu.owaspapivulnlab.AdditionalSecurityExpectationsTests" time="1.316">
    <system-out><![CDATA[2025-10-26T22:31:19.726+05:00  WARN 30036 --- [           main] e.n.o.security.GlobalExceptionHandler    : Access denied: Not your account
]]></system-out>
  </testcase>
  <testcase name="user_listing_does_not_expose_sensitive_fields" classname="edu.nu.owaspapivulnlab.AdditionalSecurityExpectationsTests" time="0.436"/>
  <testcase name="account_listing_does_not_expose_ownerUserId" classname="edu.nu.owaspapivulnlab.AdditionalSecurityExpectationsTests" time="0.435"/>
  <testcase name="jwt_tamper_is_rejected_with_401" classname="edu.nu.owaspapivulnlab.AdditionalSecurityExpectationsTests" time="0.413"/>
  <testcase name="jwt_expired_is_rejected_with_401" classname="edu.nu.owaspapivulnlab.AdditionalSecurityExpectationsTests" time="13.971"/>
  <testcase name="jwt_contains_iss_and_aud" classname="edu.nu.owaspapivulnlab.AdditionalSecurityExpectationsTests" time="8.466"/>
  <testcase name="validation_error_returns_minimal_json" classname="edu.nu.owaspapivulnlab.AdditionalSecurityExpectationsTests" time="12.49">
    <system-out><![CDATA[2025-10-26T22:31:56.012+05:00 DEBUG 30036 --- [           main] e.n.o.security.GlobalExceptionHandler    : Validation failed: {password=must not be blank, email=must not be blank}
]]></system-out>
  </testcase>
  <testcase name="transfer_rejects_negative_amount" classname="edu.nu.owaspapivulnlab.AdditionalSecurityExpectationsTests" time="11.514">
    <system-out><![CDATA[2025-10-26T22:32:07.519+05:00 DEBUG 30036 --- [           main] e.n.o.security.GlobalExceptionHandler    : Validation failed: {amount=amount must be > 0}
]]></system-out>
  </testcase>
  <testcase name="transfer_rejects_overdraft" classname="edu.nu.owaspapivulnlab.AdditionalSecurityExpectationsTests" time="12.51"/>
  <testcase name="create_user_does_not_allow_role_escalation" classname="edu.nu.owaspapivulnlab.AdditionalSecurityExpectationsTests" time="11.92"/>
  <testcase name="passwords_are_stored_as_bcrypt_hashes" classname="edu.nu.owaspapivulnlab.AdditionalSecurityExpectationsTests" time="0.006"/>
</testsuite>